[Licensing::Module] Trying to connect to existing licensing client channel...
Built from '6000.0/respin/6000.0.63f1-b423dd65e13f' branch; Version is '6000.0.63f1 (9438f9b77a46) revision 9713913'; Using compiler version '193933523'; Build Type 'Release'
[Licensing::IpcConnector] Successfully connected to: "LicenseClient-mdaya" at "2026-07-08T13:15:39.6508578Z"
OS: 'Windows 11  (10.0.26200) 64bit CoreSingleLanguage' Language: 'en' Physical Memory: 15676 MB
BatchMode: 1, IsHumanControllingUs: 0, StartBugReporterOnCrash: 0, Is64bit: 1
Date: 2026-07-08T13:15:39Z

COMMAND LINE ARGUMENTS:
C:\Program Files\Unity 6000.0.63f1\Editor\Unity.exe
-adb2
-batchMode
-noUpm
-name
AssetImportWorker2
-projectPath
C:/Users/mdaya/OneDrive/Desktop/Unity Projects/HFGE1181 SUPP SA1 Project/My project (1)
-logFile
Logs/AssetImportWorker2.log
-srvPort
52441
-job-worker-count
5
-background-job-worker-count
8
-gc-helper-count
1
-name
AssetImport
Successfully changed project path to: C:/Users/mdaya/OneDrive/Desktop/Unity Projects/HFGE1181 SUPP SA1 Project/My project (1)
C:/Users/mdaya/OneDrive/Desktop/Unity Projects/HFGE1181 SUPP SA1 Project/My project (1)
[UnityMemory] Configuration Parameters - Can be set up in boot.config
    "memorysetup-bucket-allocator-granularity=16"
    "memorysetup-bucket-allocator-bucket-count=8"
    "memorysetup-bucket-allocator-block-size=33554432"
    "memorysetup-bucket-allocator-block-count=8"
    "memorysetup-main-allocator-block-size=16777216"
    "memorysetup-thread-allocator-block-size=16777216"
    "memorysetup-gfx-main-allocator-block-size=16777216"
    "memorysetup-gfx-thread-allocator-block-size=16777216"
    "memorysetup-cache-allocator-block-size=4194304"
    "memorysetup-typetree-allocator-block-size=2097152"
    "memorysetup-profiler-bucket-allocator-granularity=16"
    "memorysetup-profiler-bucket-allocator-bucket-count=8"
    "memorysetup-profiler-bucket-allocator-block-size=33554432"
    "memorysetup-profiler-bucket-allocator-block-count=8"
    "memorysetup-profiler-allocator-block-size=16777216"
    "memorysetup-profiler-editor-allocator-block-size=1048576"
    "memorysetup-temp-allocator-size-main=16777216"
    "memorysetup-job-temp-allocator-block-size=2097152"
    "memorysetup-job-temp-allocator-block-size-background=1048576"
    "memorysetup-job-temp-allocator-reduction-small-platforms=262144"
    "memorysetup-allocator-temp-initial-block-size-main=262144"
    "memorysetup-allocator-temp-initial-block-size-worker=262144"
    "memorysetup-temp-allocator-size-background-worker=32768"
    "memorysetup-temp-allocator-size-job-worker=262144"
    "memorysetup-temp-allocator-size-preload-manager=33554432"
    "memorysetup-temp-allocator-size-nav-mesh-worker=65536"
    "memorysetup-temp-allocator-size-audio-worker=65536"
    "memorysetup-temp-allocator-size-cloud-worker=32768"
    "memorysetup-temp-allocator-size-gi-baking-worker=262144"
    "memorysetup-temp-allocator-size-gi-baking-worker=262144"
    "memorysetup-temp-allocator-size-gi-baking-worker=262144"
    "memorysetup-temp-allocator-size-gi-baking-worker=262144"
    "memorysetup-temp-allocator-size-gi-baking-worker=262144"
    "memorysetup-temp-allocator-size-gfx=262144"
Player connection [35612]  Target information:

Player connection [35612]  * "[IP] 192.168.0.234 [Port] 0 [Flags] 2 [Guid] 1108589378 [EditorId] 1108589378 [Version] 1048832 [Id] WindowsEditor(7,MdaPC) [Debug] 1 [PackageName] WindowsEditor [ProjectName] Editor" 

Player connection [35612] Host joined multi-casting on [225.0.0.222:54997]...
Player connection [35612] Host joined alternative multi-casting on [225.0.0.222:34997]...
JobSystem: Creating JobQueue using job-worker-count value 5
Input System module state changed to: Initialized.
[Physics::Module] Initialized fallback backend.
[Physics::Module] Id: 0xdecafbad
Library Redirect Path: Library/
[Physics::Module] Selected backend.
[Physics::Module] Name: PhysX
[Physics::Module] Id: 0xf2b8ea05
[Physics::Module] SDK Version: 4.1.2
[Physics::Module] Integration Version: 1.0.0
[Physics::Module] Threading Mode: Multi-Threaded
Refreshing native plugins compatible for Editor in 13.36 ms, found 4 plugins.
Preloading 0 native plugins for Editor in 0.00 ms.
Initialize engine version: 6000.0.63f1 (9438f9b77a46)
[Subsystems] Discovering subsystems at path C:/Program Files/Unity 6000.0.63f1/Editor/Data/Resources/UnitySubsystems
[Subsystems] Discovering subsystems at path C:/Users/mdaya/OneDrive/Desktop/Unity Projects/HFGE1181 SUPP SA1 Project/My project (1)/Assets
GfxDevice: creating device client; kGfxThreadingModeNonThreaded
Direct3D:
    Version:  Direct3D 11.0 [level 11.1]
    Renderer: NVIDIA GeForce RTX 3050 6GB Laptop GPU (ID=0x25ac)
    Vendor:   NVIDIA
    VRAM:     6002 MB
    Driver:   31.0.15.5176
Initialize mono
Mono path[0] = 'C:/Program Files/Unity 6000.0.63f1/Editor/Data/Managed'
Mono path[1] = 'C:/Program Files/Unity 6000.0.63f1/Editor/Data/MonoBleedingEdge/lib/mono/unityjit-win32'
Mono config path = 'C:/Program Files/Unity 6000.0.63f1/Editor/Data/MonoBleedingEdge/etc'
Using monoOptions --debugger-agent=transport=dt_socket,embedding=1,server=y,suspend=n,address=127.0.0.1:56664
Begin MonoManager ReloadAssembly
Registering precompiled unity dll's ...
Register platform support module: C:/Program Files/Unity 6000.0.63f1/Editor/Data/PlaybackEngines/WindowsStandaloneSupport/UnityEditor.WindowsStandalone.Extensions.dll
Registered in 0.005642 seconds.
- Loaded All Assemblies, in  0.992 seconds
Native extension for WindowsStandalone target not found
Mono: successfully reloaded assembly
- Finished resetting the current domain, in  0.558 seconds
Domain Reload Profiling: 1537ms
	BeginReloadAssembly (404ms)
		ExecutionOrderSort (0ms)
		DisableScriptedObjects (0ms)
		BackupInstance (0ms)
		ReleaseScriptingObjects (0ms)
		CreateAndSetChildDomain (2ms)
	RebuildCommonClasses (165ms)
	RebuildNativeTypeToScriptingClass (30ms)
	initialDomainReloadingComplete (143ms)
	LoadAllAssembliesAndSetupDomain (237ms)
		LoadAssemblies (385ms)
		RebuildTransferFunctionScriptingTraits (0ms)
		AnalyzeDomain (228ms)
			TypeCache.Refresh (225ms)
				TypeCache.ScanAssembly (207ms)
			BuildScriptInfoCaches (0ms)
			ResolveRequiredComponents (1ms)
	FinalizeReload (558ms)
		ReleaseScriptCaches (0ms)
		RebuildScriptCaches (0ms)
		SetupLoadedEditorAssemblies (476ms)
			LogAssemblyErrors (0ms)
			InitializePlatformSupportModulesInManaged (33ms)
			SetLoadedEditorAssemblies (7ms)
			BeforeProcessingInitializeOnLoad (95ms)
			ProcessInitializeOnLoadAttributes (222ms)
			ProcessInitializeOnLoadMethodAttributes (119ms)
			AfterProcessingInitializeOnLoad (0ms)
			EditorAssembliesLoaded (0ms)
		ExecutionOrderSort2 (0ms)
		AwakeInstancesAfterBackupRestoration (0ms)
========================================================================
Worker process is ready to serve import requests
Import Worker Mode flag is 0x00
Begin MonoManager ReloadAssembly
[Licensing::Module] Licensing is not yet initialized.
[Licensing::Client] Handshaking with LicensingClient:
  Version:                 1.17.4+4293ba1
  Session Id:              a455372eef7243e1a631a0e2a5dd23d8
  Correlation Id:          6d7a00d2b5aa7a61d37af6ae8eaed623
  External correlation Id: 8717440123657380341
  Machine Id:              /4uIyTt7QBY3mmup5iDpEOi0wx8=
[Licensing::Module] Successfully connected to LicensingClient on channel: "LicenseClient-mdaya" (connect: 0.00s, validation: 0.01s, handshake: 4.34s)
[Licensing::IpcConnector] Successfully connected to: "LicenseClient-mdaya-notifications" at "2026-07-08T13:15:43.9987051Z"
[Licensing::Module] Licensing Background thread has ended after 4.35s
[Licensing::Module] Licensing is initialized (took 0.26s).
[Licensing::Client] Successfully resolved entitlement details
[Licensing::Module] License group:
  Id: 11270653248333-UnityPersXXXX
  Product: Unity Personal
  Type: Assigned
  Expiration: Unlimited
- Loaded All Assemblies, in  2.178 seconds
Refreshing native plugins compatible for Editor in 7.44 ms, found 4 plugins.
Native extension for WindowsStandalone target not found
Package Manager log level set to [2]
[Package Manager] Failed to launch server process. Reason: Unity was launched with the -noUpm command-line argument
[Package Manager] Unable to send message (not connected to server process).
[Package Manager] Cannot connect to Unity Package Manager local server
Mono: successfully reloaded assembly
- Finished resetting the current domain, in  1.665 seconds
Domain Reload Profiling: 3820ms
	BeginReloadAssembly (684ms)
		ExecutionOrderSort (0ms)
		DisableScriptedObjects (12ms)
		BackupInstance (0ms)
		ReleaseScriptingObjects (0ms)
		CreateAndSetChildDomain (79ms)
	RebuildCommonClasses (55ms)
	RebuildNativeTypeToScriptingClass (17ms)
	initialDomainReloadingComplete (72ms)
	LoadAllAssembliesAndSetupDomain (1326ms)
		LoadAssemblies (1099ms)
		RebuildTransferFunctionScriptingTraits (0ms)
		AnalyzeDomain (457ms)
			TypeCache.Refresh (357ms)
				TypeCache.ScanAssembly (338ms)
			BuildScriptInfoCaches (82ms)
			ResolveRequiredComponents (13ms)
	FinalizeReload (1665ms)
		ReleaseScriptCaches (0ms)
		RebuildScriptCaches (0ms)
		SetupLoadedEditorAssemblies (1399ms)
			LogAssemblyErrors (0ms)
			InitializePlatformSupportModulesInManaged (4ms)
			SetLoadedEditorAssemblies (11ms)
			BeforeProcessingInitializeOnLoad (539ms)
			ProcessInitializeOnLoadAttributes (641ms)
			ProcessInitializeOnLoadMethodAttributes (184ms)
			AfterProcessingInitializeOnLoad (19ms)
			EditorAssembliesLoaded (0ms)
		ExecutionOrderSort2 (0ms)
		AwakeInstancesAfterBackupRestoration (10ms)
Launched and connected shader compiler UnityShaderCompiler.exe after 0.03 seconds
Refreshing native plugins compatible for Editor in 5.75 ms, found 4 plugins.
Preloading 0 native plugins for Editor in 0.00 ms.
Unloading 31 Unused Serialized files (Serialized files now loaded: 0)
Unloading 6749 unused Assets / (5.7 MB). Loaded Objects now: 7420.
Memory consumption went from 144.4 MB to 138.7 MB.
Total: 20.836300 ms (FindLiveObjects: 2.881400 ms CreateObjectMapping: 2.016200 ms MarkObjects: 9.717900 ms  DeleteObjects: 6.218500 ms)

========================================================================
Received Prepare
Begin MonoManager ReloadAssembly
- Loaded All Assemblies, in  1.690 seconds
Refreshing native plugins compatible for Editor in 6.79 ms, found 4 plugins.
Native extension for WindowsStandalone target not found
[Package Manager] Failed to launch server process. Reason: Unity was launched with the -noUpm command-line argument
[Package Manager] Unable to send message (not connected to server process).
[Package Manager] Cannot connect to Unity Package Manager local server
Mono: successfully reloaded assembly
- Finished resetting the current domain, in  1.688 seconds
Domain Reload Profiling: 3367ms
	BeginReloadAssembly (383ms)
		ExecutionOrderSort (0ms)
		DisableScriptedObjects (22ms)
		BackupInstance (0ms)
		ReleaseScriptingObjects (0ms)
		CreateAndSetChildDomain (97ms)
	RebuildCommonClasses (114ms)
	RebuildNativeTypeToScriptingClass (42ms)
	initialDomainReloadingComplete (86ms)
	LoadAllAssembliesAndSetupDomain (1053ms)
		LoadAssemblies (816ms)
		RebuildTransferFunctionScriptingTraits (0ms)
		AnalyzeDomain (417ms)
			TypeCache.Refresh (10ms)
				TypeCache.ScanAssembly (0ms)
			BuildScriptInfoCaches (385ms)
			ResolveRequiredComponents (16ms)
	FinalizeReload (1689ms)
		ReleaseScriptCaches (0ms)
		RebuildScriptCaches (0ms)
		SetupLoadedEditorAssemblies (1280ms)
			LogAssemblyErrors (0ms)
			InitializePlatformSupportModulesInManaged (5ms)
			SetLoadedEditorAssemblies (8ms)
			BeforeProcessingInitializeOnLoad (311ms)
			ProcessInitializeOnLoadAttributes (804ms)
			ProcessInitializeOnLoadMethodAttributes (134ms)
			AfterProcessingInitializeOnLoad (17ms)
			EditorAssembliesLoaded (1ms)
		ExecutionOrderSort2 (0ms)
		AwakeInstancesAfterBackupRestoration (31ms)
Refreshing native plugins compatible for Editor in 4.18 ms, found 4 plugins.
Preloading 0 native plugins for Editor in 0.00 ms.
Unloading 30 Unused Serialized files (Serialized files now loaded: 0)
Unloading 6747 unused Assets / (7.1 MB). Loaded Objects now: 7424.
Memory consumption went from 145.2 MB to 138.1 MB.
Total: 17.426200 ms (FindLiveObjects: 1.395900 ms CreateObjectMapping: 1.375200 ms MarkObjects: 7.230200 ms  DeleteObjects: 7.422000 ms)

Prepare: number of updated asset objects reloaded= 0
========================================================================
Received Import Request.
  Time since last request: 139600.969766 seconds.
  path: Assets/HFGE1181-Top-Down-SA-2026-SemA--main/Visuals
  artifactKey: Guid(5e6a75693f2256f4b81f82cc6c1d4be2) Importer(815301076,1909f56bfc062723c751e8b465ee728b)
Start importing Assets/HFGE1181-Top-Down-SA-2026-SemA--main/Visuals using Guid(5e6a75693f2256f4b81f82cc6c1d4be2) Importer(815301076,1909f56bfc062723c751e8b465ee728b) (PreviewImporter) -> (artifact id: '53af0c561904a5aad725cab7cf163977') in 0.0139882 seconds
Number of updated asset objects reloaded before import = 0Number of asset objects unloaded after import = 0

========================================================================
Received Import Request.
  Time since last request: 1.468578 seconds.
  path: Assets/HFGE1181-Top-Down-SA-2026-SemA--main/Visuals/Alien
  artifactKey: Guid(8591198076eaf364ca41642837bfe6b8) Importer(815301076,1909f56bfc062723c751e8b465ee728b)
Start importing Assets/HFGE1181-Top-Down-SA-2026-SemA--main/Visuals/Alien using Guid(8591198076eaf364ca41642837bfe6b8) Importer(815301076,1909f56bfc062723c751e8b465ee728b) (PreviewImporter) -> (artifact id: '6139826c968af39b4d77bb22c3aba5a7') in 0.0009946 seconds
Number of updated asset objects reloaded before import = 0Number of asset objects unloaded after import = 0

========================================================================
Received Import Request.
  Time since last request: 0.067764 seconds.
  path: Assets/HFGE1181-Top-Down-SA-2026-SemA--main/Visuals/Alien/Alien0001.png
  artifactKey: Guid(7fed80457e66ccf42bf18714c8c92af1) Importer(815301076,1909f56bfc062723c751e8b465ee728b)
Start importing Assets/HFGE1181-Top-Down-SA-2026-SemA--main/Visuals/Alien/Alien0001.png using Guid(7fed80457e66ccf42bf18714c8c92af1) Importer(815301076,1909f56bfc062723c751e8b465ee728b) (PreviewImporter) -> (artifact id: '9652bcc3606f3ee989fdcd6c218b2ec5') in 0.1290356 seconds
Number of updated asset objects reloaded before import = 0Number of asset objects unloaded after import = 3

========================================================================
Received Import Request.
  Time since last request: 0.000033 seconds.
  path: Assets/HFGE1181-Top-Down-SA-2026-SemA--main/Visuals/Alien/Alien0015.png
  artifactKey: Guid(8d7639f84dca6144fb66204cd68402d5) Importer(815301076,1909f56bfc062723c751e8b465ee728b)
Start importing Assets/HFGE1181-Top-Down-SA-2026-SemA--main/Visuals/Alien/Alien0015.png using Guid(8d7639f84dca6144fb66204cd68402d5) Importer(815301076,1909f56bfc062723c751e8b465ee728b) (PreviewImporter) -> (artifact id: '9dec75e3b7a77ef03a86c7c37f1c9f22') in 0.0151532 seconds
Number of updated asset objects reloaded before import = 0Number of asset objects unloaded after import = 3

========================================================================
Received Import Request.
  Time since last request: 0.000041 seconds.
  path: Assets/HFGE1181-Top-Down-SA-2026-SemA--main/Visuals/Alien/Alien0021.png
  artifactKey: Guid(3bc683d6bc0542b448727c867f2dfd34) Importer(815301076,1909f56bfc062723c751e8b465ee728b)
Start importing Assets/HFGE1181-Top-Down-SA-2026-SemA--main/Visuals/Alien/Alien0021.png using Guid(3bc683d6bc0542b448727c867f2dfd34) Importer(815301076,1909f56bfc062723c751e8b465ee728b) (PreviewImporter) -> (artifact id: '2a5ac211c2b95cec4bcbbbc6b2450098') in 0.0178698 seconds
Number of updated asset objects reloaded before import = 0Number of asset objects unloaded after import = 3

========================================================================
Received Import Request.
  Time since last request: 0.000030 seconds.
  path: Assets/HFGE1181-Top-Down-SA-2026-SemA--main/Visuals/Alien/Alien0013.png
  artifactKey: Guid(bfc1babf3f1f9e44ebda11d63e7e9e1b) Importer(815301076,1909f56bfc062723c751e8b465ee728b)
Start importing Assets/HFGE1181-Top-Down-SA-2026-SemA--main/Visuals/Alien/Alien0013.png using Guid(bfc1babf3f1f9e44ebda11d63e7e9e1b) Importer(815301076,1909f56bfc062723c751e8b465ee728b) (PreviewImporter) -> (artifact id: '12ac0205dcbce6077b1ec368f47f2b6e') in 0.0193821 seconds
Number of updated asset objects reloaded before import = 0Number of asset objects unloaded after import = 3

========================================================================
Received Import Request.
  Time since last request: 0.000031 seconds.
  path: Assets/HFGE1181-Top-Down-SA-2026-SemA--main/Visuals/Alien/Alien0007.png
  artifactKey: Guid(b5ec930dbdd168a4898a2347662f4684) Importer(815301076,1909f56bfc062723c751e8b465ee728b)
Start importing Assets/HFGE1181-Top-Down-SA-2026-SemA--main/Visuals/Alien/Alien0007.png using Guid(b5ec930dbdd168a4898a2347662f4684) Importer(815301076,1909f56bfc062723c751e8b465ee728b) (PreviewImporter) -> (artifact id: 'da7f9b91003cb6b04733adb7c402fc06') in 0.0183091 seconds
Number of updated asset objects reloaded before import = 0Number of asset objects unloaded after import = 3

========================================================================
Received Import Request.
  Time since last request: 0.000156 seconds.
  path: Assets/HFGE1181-Top-Down-SA-2026-SemA--main/Visuals/Alien/Alien0011.png
  artifactKey: Guid(58a7467d3c82e9641a9857868cdf723d) Importer(815301076,1909f56bfc062723c751e8b465ee728b)
Start importing Assets/HFGE1181-Top-Down-SA-2026-SemA--main/Visuals/Alien/Alien0011.png using Guid(58a7467d3c82e9641a9857868cdf723d) Importer(815301076,1909f56bfc062723c751e8b465ee728b) (PreviewImporter) -> (artifact id: 'e6e420417d2909e1ec9052f9e4c21a01') in 0.0137922 seconds
Number of updated asset objects reloaded before import = 0Number of asset objects unloaded after import = 3

========================================================================
Received Import Request.
  Time since last request: 0.000022 seconds.
  path: Assets/HFGE1181-Top-Down-SA-2026-SemA--main/Visuals/Alien/Alien0019.png
  artifactKey: Guid(f3dd5cfc38306524dbc0a8477e561858) Importer(815301076,1909f56bfc062723c751e8b465ee728b)
Start importing Assets/HFGE1181-Top-Down-SA-2026-SemA--main/Visuals/Alien/Alien0019.png using Guid(f3dd5cfc38306524dbc0a8477e561858) Importer(815301076,1909f56bfc062723c751e8b465ee728b) (PreviewImporter) -> (artifact id: '2fbc32cf833ae57758860c374ad6adc4') in 0.0129758 seconds
Number of updated asset objects reloaded before import = 0Number of asset objects unloaded after import = 3

========================================================================
Received Import Request.
  Time since last request: 2.309701 seconds.
  path: Assets/HFGE1181-Top-Down-SA-2026-SemA--main/Visuals/Alien/Alien0022.png
  artifactKey: Guid(f91cdcb5531415047872527e72a06295) Importer(815301076,1909f56bfc062723c751e8b465ee728b)
Start importing Assets/HFGE1181-Top-Down-SA-2026-SemA--main/Visuals/Alien/Alien0022.png using Guid(f91cdcb5531415047872527e72a06295) Importer(815301076,1909f56bfc062723c751e8b465ee728b) (PreviewImporter) -> (artifact id: '51e17e0baf9f6e6d84845befcd7a307d') in 0.0165629 seconds
Number of updated asset objects reloaded before import = 0Number of asset objects unloaded after import = 3

========================================================================
Received Import Request.
  Time since last request: 0.000021 seconds.
  path: Assets/HFGE1181-Top-Down-SA-2026-SemA--main/Visuals/Alien/Alien0025.png
  artifactKey: Guid(61e5940ff60fede48bd36e8405ea733c) Importer(815301076,1909f56bfc062723c751e8b465ee728b)
Start importing Assets/HFGE1181-Top-Down-SA-2026-SemA--main/Visuals/Alien/Alien0025.png using Guid(61e5940ff60fede48bd36e8405ea733c) Importer(815301076,1909f56bfc062723c751e8b465ee728b) (PreviewImporter) -> (artifact id: 'ec4c8da6b2a1d6b0ea6feb33318ceccb') in 0.0164581 seconds
Number of updated asset objects reloaded before import = 0Number of asset objects unloaded after import = 3

========================================================================
Received Import Request.
  Time since last request: 0.000063 seconds.
  path: Assets/HFGE1181-Top-Down-SA-2026-SemA--main/Visuals/Alien/Alien_Projectile0004.png
  artifactKey: Guid(dadb75e53078c3b4589c3ce3c0eedfe1) Importer(815301076,1909f56bfc062723c751e8b465ee728b)
Start importing Assets/HFGE1181-Top-Down-SA-2026-SemA--main/Visuals/Alien/Alien_Projectile0004.png using Guid(dadb75e53078c3b4589c3ce3c0eedfe1) Importer(815301076,1909f56bfc062723c751e8b465ee728b) (PreviewImporter) -> (artifact id: '25603e97b38d55592a18e9f58d872910') in 0.0178471 seconds
Number of updated asset objects reloaded before import = 0Number of asset objects unloaded after import = 3

========================================================================
Received Import Request.
  Time since last request: 0.000021 seconds.
  path: Assets/HFGE1181-Top-Down-SA-2026-SemA--main/Visuals/Alien/Alien_Projectile0005.png
  artifactKey: Guid(63ea19e45479d474e833b437a744133f) Importer(815301076,1909f56bfc062723c751e8b465ee728b)
Start importing Assets/HFGE1181-Top-Down-SA-2026-SemA--main/Visuals/Alien/Alien_Projectile0005.png using Guid(63ea19e45479d474e833b437a744133f) Importer(815301076,1909f56bfc062723c751e8b465ee728b) (PreviewImporter) -> (artifact id: '64d486a5183a26f76f9d3f17a3bd1b47') in 0.0144401 seconds
Number of updated asset objects reloaded before import = 0Number of asset objects unloaded after import = 3

========================================================================
Received Import Request.
  Time since last request: 0.000022 seconds.
  path: Assets/HFGE1181-Top-Down-SA-2026-SemA--main/Visuals/Alien/Alien_Projectile0008.png
  artifactKey: Guid(eed6da1dc5448674fa09f259bf9aa5c9) Importer(815301076,1909f56bfc062723c751e8b465ee728b)
Start importing Assets/HFGE1181-Top-Down-SA-2026-SemA--main/Visuals/Alien/Alien_Projectile0008.png using Guid(eed6da1dc5448674fa09f259bf9aa5c9) Importer(815301076,1909f56bfc062723c751e8b465ee728b) (PreviewImporter) -> (artifact id: '32e497cfe5aabb0eb08dced876b1aae0') in 0.0146288 seconds
Number of updated asset objects reloaded before import = 0Number of asset objects unloaded after import = 3

========================================================================
Received Import Request.
  Time since last request: 0.127822 seconds.
  path: Assets/HFGE1181-Top-Down-SA-2026-SemA--main/Visuals/Alien/Alien_Ship0003.png
  artifactKey: Guid(5a4d670297c813d46afb56fd2e3eff39) Importer(815301076,1909f56bfc062723c751e8b465ee728b)
Start importing Assets/HFGE1181-Top-Down-SA-2026-SemA--main/Visuals/Alien/Alien_Ship0003.png using Guid(5a4d670297c813d46afb56fd2e3eff39) Importer(815301076,1909f56bfc062723c751e8b465ee728b) (PreviewImporter) -> (artifact id: 'ea747bd9c4cf340522ef9170f6515aca') in 0.0171467 seconds
Number of updated asset objects reloaded before import = 0Number of asset objects unloaded after import = 3

========================================================================
Received Import Request.
  Time since last request: 0.000023 seconds.
  path: Assets/HFGE1181-Top-Down-SA-2026-SemA--main/Visuals/Alien/Alien_Ship0007.png
  artifactKey: Guid(cd504ddc0b932dd4caaa53b829aa6779) Importer(815301076,1909f56bfc062723c751e8b465ee728b)
Start importing Assets/HFGE1181-Top-Down-SA-2026-SemA--main/Visuals/Alien/Alien_Ship0007.png using Guid(cd504ddc0b932dd4caaa53b829aa6779) Importer(815301076,1909f56bfc062723c751e8b465ee728b) (PreviewImporter) -> (artifact id: '64a8783204fd2b57013ae654d710fb85') in 0.0184327 seconds
Number of updated asset objects reloaded before import = 0Number of asset objects unloaded after import = 3

========================================================================
Received Import Request.
  Time since last request: 9.571426 seconds.
  path: Assets/HFGE1181-Top-Down-SA-2026-SemA--main/Visuals/Pickups
  artifactKey: Guid(efe914ba241fd1847b1193e7513ed1a4) Importer(815301076,1909f56bfc062723c751e8b465ee728b)
Start importing Assets/HFGE1181-Top-Down-SA-2026-SemA--main/Visuals/Pickups using Guid(efe914ba241fd1847b1193e7513ed1a4) Importer(815301076,1909f56bfc062723c751e8b465ee728b) (PreviewImporter) -> (artifact id: '3c0efa87901648520f7aa327facec11a') in 0.0008864 seconds
Number of updated asset objects reloaded before import = 0Number of asset objects unloaded after import = 0

========================================================================
Received Import Request.
  Time since last request: 0.000106 seconds.
  path: Assets/HFGE1181-Top-Down-SA-2026-SemA--main/Visuals/Pickups/Pistol.png
  artifactKey: Guid(1b4f15cf7507e924f9bc7ca7728dce40) Importer(815301076,1909f56bfc062723c751e8b465ee728b)
Start importing Assets/HFGE1181-Top-Down-SA-2026-SemA--main/Visuals/Pickups/Pistol.png using Guid(1b4f15cf7507e924f9bc7ca7728dce40) Importer(815301076,1909f56bfc062723c751e8b465ee728b) (PreviewImporter) -> (artifact id: '16b655d2e1723f5d8b5407e273f0db1c') in 0.0214543 seconds
Number of updated asset objects reloaded before import = 0Number of asset objects unloaded after import = 3

========================================================================
Received Import Request.
  Time since last request: 3.305844 seconds.
  path: Assets/HFGE1181-Top-Down-SA-2026-SemA--main/Visuals/Player
  artifactKey: Guid(c08ce77743721f9418f1f74bef0a7f84) Importer(815301076,1909f56bfc062723c751e8b465ee728b)
Start importing Assets/HFGE1181-Top-Down-SA-2026-SemA--main/Visuals/Player using Guid(c08ce77743721f9418f1f74bef0a7f84) Importer(815301076,1909f56bfc062723c751e8b465ee728b) (PreviewImporter) -> (artifact id: 'f098afae7d52a8191daed20cfd26c0f1') in 0.0009161 seconds
Number of updated asset objects reloaded before import = 0Number of asset objects unloaded after import = 0

========================================================================
Received Import Request.
  Time since last request: 0.014523 seconds.
  path: Assets/HFGE1181-Top-Down-SA-2026-SemA--main/Visuals/Player/TopDown_Death_01.png
  artifactKey: Guid(f737a5b3b8f5fdf4a9c6976825994519) Importer(815301076,1909f56bfc062723c751e8b465ee728b)
Start importing Assets/HFGE1181-Top-Down-SA-2026-SemA--main/Visuals/Player/TopDown_Death_01.png using Guid(f737a5b3b8f5fdf4a9c6976825994519) Importer(815301076,1909f56bfc062723c751e8b465ee728b) (PreviewImporter) -> (artifact id: 'f8021356deba7fa30d67232157ce86e9') in 0.0210547 seconds
Number of updated asset objects reloaded before import = 0Number of asset objects unloaded after import = 3

========================================================================
Received Import Request.
  Time since last request: 0.000027 seconds.
  path: Assets/HFGE1181-Top-Down-SA-2026-SemA--main/Visuals/Player/TopDown_PistolShoot_02.png
  artifactKey: Guid(290ff5daa2737cc47b08450328705881) Importer(815301076,1909f56bfc062723c751e8b465ee728b)
Start importing Assets/HFGE1181-Top-Down-SA-2026-SemA--main/Visuals/Player/TopDown_PistolShoot_02.png using Guid(290ff5daa2737cc47b08450328705881) Importer(815301076,1909f56bfc062723c751e8b465ee728b) (PreviewImporter) -> (artifact id: '63d166f71039db07ba425e6c6db227e9') in 0.0186523 seconds
Number of updated asset objects reloaded before import = 0Number of asset objects unloaded after import = 3

========================================================================
Received Import Request.
  Time since last request: 0.000030 seconds.
  path: Assets/HFGE1181-Top-Down-SA-2026-SemA--main/Visuals/Player/TopDown_PistolDash_02.png
  artifactKey: Guid(ef45012383ed69b4e8b5c318922170db) Importer(815301076,1909f56bfc062723c751e8b465ee728b)
Start importing Assets/HFGE1181-Top-Down-SA-2026-SemA--main/Visuals/Player/TopDown_PistolDash_02.png using Guid(ef45012383ed69b4e8b5c318922170db) Importer(815301076,1909f56bfc062723c751e8b465ee728b) (PreviewImporter) -> (artifact id: '8f39b2972ef388457cf38f1440c472f8') in 0.031939 seconds
Number of updated asset objects reloaded before import = 0Number of asset objects unloaded after import = 3

========================================================================
Received Import Request.
  Time since last request: 0.000040 seconds.
  path: Assets/HFGE1181-Top-Down-SA-2026-SemA--main/Visuals/Player/TopDown_PistolShoot_01.png
  artifactKey: Guid(304b10c737a0f2f4c94f222abb40f9b7) Importer(815301076,1909f56bfc062723c751e8b465ee728b)
Start importing Assets/HFGE1181-Top-Down-SA-2026-SemA--main/Visuals/Player/TopDown_PistolShoot_01.png using Guid(304b10c737a0f2f4c94f222abb40f9b7) Importer(815301076,1909f56bfc062723c751e8b465ee728b) (PreviewImporter) -> (artifact id: '87b456b7b974366b97dfba87fbd8c83f') in 0.0199453 seconds
Number of updated asset objects reloaded before import = 0Number of asset objects unloaded after import = 3

========================================================================
Received Import Request.
  Time since last request: 0.000030 seconds.
  path: Assets/HFGE1181-Top-Down-SA-2026-SemA--main/Visuals/Player/TopDown_PistolSprint_01.png
  artifactKey: Guid(5ea96a3fb030adc43be7154f216e60f2) Importer(815301076,1909f56bfc062723c751e8b465ee728b)
Start importing Assets/HFGE1181-Top-Down-SA-2026-SemA--main/Visuals/Player/TopDown_PistolSprint_01.png using Guid(5ea96a3fb030adc43be7154f216e60f2) Importer(815301076,1909f56bfc062723c751e8b465ee728b) (PreviewImporter) -> (artifact id: 'd9f5dcdb675f99716f2151ae50799fa7') in 0.021985 seconds
Number of updated asset objects reloaded before import = 0Number of asset objects unloaded after import = 3

========================================================================
Received Import Request.
  Time since last request: 0.000025 seconds.
  path: Assets/HFGE1181-Top-Down-SA-2026-SemA--main/Visuals/Player/TopDown_PistolSprint_02.png
  artifactKey: Guid(f22addbd440bd384b84950b2e5e0cc0f) Importer(815301076,1909f56bfc062723c751e8b465ee728b)
Start importing Assets/HFGE1181-Top-Down-SA-2026-SemA--main/Visuals/Player/TopDown_PistolSprint_02.png using Guid(f22addbd440bd384b84950b2e5e0cc0f) Importer(815301076,1909f56bfc062723c751e8b465ee728b) (PreviewImporter) -> (artifact id: 'fee8f0acc6036e8d68a0d6010cb048f7') in 0.019991 seconds
Number of updated asset objects reloaded before import = 0Number of asset objects unloaded after import = 3

========================================================================
Received Import Request.
  Time since last request: 0.000038 seconds.
  path: Assets/HFGE1181-Top-Down-SA-2026-SemA--main/Visuals/Player/TopDown_Death_07.png
  artifactKey: Guid(929bc45b5c2c5d44cba48eb4815bf89d) Importer(815301076,1909f56bfc062723c751e8b465ee728b)
Start importing Assets/HFGE1181-Top-Down-SA-2026-SemA--main/Visuals/Player/TopDown_Death_07.png using Guid(929bc45b5c2c5d44cba48eb4815bf89d) Importer(815301076,1909f56bfc062723c751e8b465ee728b) (PreviewImporter) -> (artifact id: '324b8bc5ca6303de6ff0e7bbfdd449d0') in 0.0220952 seconds
Number of updated asset objects reloaded before import = 0Number of asset objects unloaded after import = 3

========================================================================
Received Import Request.
  Time since last request: 5.490352 seconds.
  path: Assets/HFGE1181-Top-Down-SA-2026-SemA--main/Visuals/Projectile/Projectile01.png
  artifactKey: Guid(6a7cf02fe8804514ea718438c3d0ca8d) Importer(815301076,1909f56bfc062723c751e8b465ee728b)
Start importing Assets/HFGE1181-Top-Down-SA-2026-SemA--main/Visuals/Projectile/Projectile01.png using Guid(6a7cf02fe8804514ea718438c3d0ca8d) Importer(815301076,1909f56bfc062723c751e8b465ee728b) (PreviewImporter) -> (artifact id: 'ecbb858c58b899b10c0a028356041b07') in 0.0171687 seconds
Number of updated asset objects reloaded before import = 0Number of asset objects unloaded after import = 3

========================================================================
Received Import Request.
  Time since last request: 0.000029 seconds.
  path: Assets/HFGE1181-Top-Down-SA-2026-SemA--main/Visuals/Projectile/Projectile06.png
  artifactKey: Guid(94eb1531cd6343c4894fe2e7d6de8d6d) Importer(815301076,1909f56bfc062723c751e8b465ee728b)
Start importing Assets/HFGE1181-Top-Down-SA-2026-SemA--main/Visuals/Projectile/Projectile06.png using Guid(94eb1531cd6343c4894fe2e7d6de8d6d) Importer(815301076,1909f56bfc062723c751e8b465ee728b) (PreviewImporter) -> (artifact id: 'd5d2f6cdf6af074ac56c204ea688e5e9') in 0.0328121 seconds
Number of updated asset objects reloaded before import = 0Number of asset objects unloaded after import = 5

========================================================================
Received Import Request.
  Time since last request: 0.000028 seconds.
  path: Assets/HFGE1181-Top-Down-SA-2026-SemA--main/Visuals/Projectile/Projectile08.png
  artifactKey: Guid(de45c04a2d48cb3429424130a3a8e5d5) Importer(815301076,1909f56bfc062723c751e8b465ee728b)
Start importing Assets/HFGE1181-Top-Down-SA-2026-SemA--main/Visuals/Projectile/Projectile08.png using Guid(de45c04a2d48cb3429424130a3a8e5d5) Importer(815301076,1909f56bfc062723c751e8b465ee728b) (PreviewImporter) -> (artifact id: '80644321d7293b1801a8f719d896fac2') in 0.0228422 seconds
Number of updated asset objects reloaded before import = 0Number of asset objects unloaded after import = 4

========================================================================
Received Import Request.
  Time since last request: 5.559922 seconds.
  path: Assets/HFGE1181-Top-Down-SA-2026-SemA--main/Visuals/Tilemap & Props
  artifactKey: Guid(125351b9f0b833e4d99eb36c915e92a7) Importer(815301076,1909f56bfc062723c751e8b465ee728b)
Start importing Assets/HFGE1181-Top-Down-SA-2026-SemA--main/Visuals/Tilemap & Props using Guid(125351b9f0b833e4d99eb36c915e92a7) Importer(815301076,1909f56bfc062723c751e8b465ee728b) (PreviewImporter) -> (artifact id: '3454a8704ed13d173edf90e1117b90ea') in 0.0012592 seconds
Number of updated asset objects reloaded before import = 0Number of asset objects unloaded after import = 0

========================================================================
Received Import Request.
  Time since last request: 0.017298 seconds.
  path: Assets/HFGE1181-Top-Down-SA-2026-SemA--main/Visuals/Tilemap & Props/Props_2026SemA.png
  artifactKey: Guid(560112a05692e6442b8e50be062a9edf) Importer(815301076,1909f56bfc062723c751e8b465ee728b)
Start importing Assets/HFGE1181-Top-Down-SA-2026-SemA--main/Visuals/Tilemap & Props/Props_2026SemA.png using Guid(560112a05692e6442b8e50be062a9edf) Importer(815301076,1909f56bfc062723c751e8b465ee728b) (PreviewImporter) -> (artifact id: '913f962bad5237f2f9157b64fc3558ec') in 0.1433916 seconds
Number of updated asset objects reloaded before import = 0Number of asset objects unloaded after import = 31

========================================================================
Received Import Request.
  Time since last request: 30.386528 seconds.
  path: Assets/HFGE1181-Top-Down-SA-2026-SemA--main/Visuals/Tilemap & Props/Tilemaps_2026SemA.png
  artifactKey: Guid(e8fc2da1d3ea78e4798ef15b925df333) Importer(815301076,1909f56bfc062723c751e8b465ee728b)
Start importing Assets/HFGE1181-Top-Down-SA-2026-SemA--main/Visuals/Tilemap & Props/Tilemaps_2026SemA.png using Guid(e8fc2da1d3ea78e4798ef15b925df333) Importer(815301076,1909f56bfc062723c751e8b465ee728b) (PreviewImporter) -> (artifact id: 'ecc79ea5012a51c115551810a04adda8') in 0.0585667 seconds
Number of updated asset objects reloaded before import = 0Number of asset objects unloaded after import = 11

========================================================================
Received Import Request.
  Time since last request: 27.474870 seconds.
  path: Assets/HFGE1181-Top-Down-SA-2026-SemA--main/Visuals/Tilemap & Props/Props_2026SemA.png
  artifactKey: Guid(560112a05692e6442b8e50be062a9edf) Importer(815301076,1909f56bfc062723c751e8b465ee728b)
Start importing Assets/HFGE1181-Top-Down-SA-2026-SemA--main/Visuals/Tilemap & Props/Props_2026SemA.png using Guid(560112a05692e6442b8e50be062a9edf) Importer(815301076,1909f56bfc062723c751e8b465ee728b) (PreviewImporter) -> (artifact id: '5301bf385fc7a78a03faf44d7051b1ca') in 0.1061025 seconds
Number of updated asset objects reloaded before import = 0Number of asset objects unloaded after import = 31

========================================================================
Received Import Request.
  Time since last request: 66.147390 seconds.
  path: Assets/HFGE1181-Top-Down-SA-2026-SemA--main/Visuals/Tilemap & Props/Tilemaps_2026SemA.png
  artifactKey: Guid(e8fc2da1d3ea78e4798ef15b925df333) Importer(815301076,1909f56bfc062723c751e8b465ee728b)
Start importing Assets/HFGE1181-Top-Down-SA-2026-SemA--main/Visuals/Tilemap & Props/Tilemaps_2026SemA.png using Guid(e8fc2da1d3ea78e4798ef15b925df333) Importer(815301076,1909f56bfc062723c751e8b465ee728b) (PreviewImporter) -> (artifact id: '0d08bd3dbe44c9ddf61b5d020b0ed8db') in 0.9533613 seconds
Number of updated asset objects reloaded before import = 0Number of asset objects unloaded after import = 342

========================================================================
Received Import Request.
  Time since last request: 206.738459 seconds.
  path: Assets/HFGE1181-Top-Down-SA-2026-SemA--main/Visuals/Tilemap & Props/Props_2026SemA.png
  artifactKey: Guid(560112a05692e6442b8e50be062a9edf) Importer(815301076,1909f56bfc062723c751e8b465ee728b)
Start importing Assets/HFGE1181-Top-Down-SA-2026-SemA--main/Visuals/Tilemap & Props/Props_2026SemA.png using Guid(560112a05692e6442b8e50be062a9edf) Importer(815301076,1909f56bfc062723c751e8b465ee728b) (PreviewImporter) -> (artifact id: '6203b1529a0927669a727fd31e695a92') in 0.3788927 seconds
Number of updated asset objects reloaded before import = 0Number of asset objects unloaded after import = 118

========================================================================
Received Import Request.
  Time since last request: 29544.523085 seconds.
  path: Assets/HFGE1181-Top-Down-SA-2026-SemA--main/Visuals/Tilemap & Props/HFGE1181 lvl design.kra
  artifactKey: Guid(90f49ee8126e2c349bfe1b1775899a2c) Importer(815301076,1909f56bfc062723c751e8b465ee728b)
Start importing Assets/HFGE1181-Top-Down-SA-2026-SemA--main/Visuals/Tilemap & Props/HFGE1181 lvl design.kra using Guid(90f49ee8126e2c349bfe1b1775899a2c) Importer(815301076,1909f56bfc062723c751e8b465ee728b) (PreviewImporter) -> (artifact id: 'a8465dbbffb2a71856133ec3a047e1d5') in 0.136889 seconds
Number of updated asset objects reloaded before import = 0Number of asset objects unloaded after import = 1

========================================================================
Received Import Request.
  Time since last request: 12.126062 seconds.
  path: Assets
  artifactKey: Guid(00000000000000001000000000000000) Importer(815301076,1909f56bfc062723c751e8b465ee728b)
Start importing Assets using Guid(00000000000000001000000000000000) Importer(815301076,1909f56bfc062723c751e8b465ee728b) (PreviewImporter) -> (artifact id: 'c391582d739b6e62a5220f35cbb167ac') in 0.0044149 seconds
Number of updated asset objects reloaded before import = 0Number of asset objects unloaded after import = 0

========================================================================
Received Import Request.
  Time since last request: 23.502089 seconds.
  path: Assets/Settings
  artifactKey: Guid(0220aab0833d04faeb927d84ca6cc40c) Importer(815301076,1909f56bfc062723c751e8b465ee728b)
Start importing Assets/Settings using Guid(0220aab0833d04faeb927d84ca6cc40c) Importer(815301076,1909f56bfc062723c751e8b465ee728b) (PreviewImporter) -> (artifact id: '62508b3dd32630cf358da27d8a59d33e') in 0.0035358 seconds
Number of updated asset objects reloaded before import = 0Number of asset objects unloaded after import = 0

========================================================================
Received Import Request.
  Time since last request: 0.013021 seconds.
  path: Assets/Settings/Lit2DSceneTemplate.scenetemplate
  artifactKey: Guid(d03ed43fc9d8a4f2e9fa70c1c7916eb9) Importer(815301076,1909f56bfc062723c751e8b465ee728b)
Start importing Assets/Settings/Lit2DSceneTemplate.scenetemplate using Guid(d03ed43fc9d8a4f2e9fa70c1c7916eb9) Importer(815301076,1909f56bfc062723c751e8b465ee728b) (PreviewImporter) -> (artifact id: 'f4d1cc5a7f72c0930e0ed5982474923b') in 0.5300381 seconds
Number of updated asset objects reloaded before import = 0Number of asset objects unloaded after import = 4

========================================================================
Received Import Request.
  Time since last request: 0.000037 seconds.
  path: Assets/Settings/UniversalRP.asset
  artifactKey: Guid(681886c5eb7344803b6206f758bf0b1c) Importer(815301076,1909f56bfc062723c751e8b465ee728b)
Start importing Assets/Settings/UniversalRP.asset using Guid(681886c5eb7344803b6206f758bf0b1c) Importer(815301076,1909f56bfc062723c751e8b465ee728b) (PreviewImporter) -> (artifact id: '910a3316ce45b604f98c2ad003aa3cfb') in 0.0101196 seconds
Number of updated asset objects reloaded before import = 0Number of asset objects unloaded after import = 0

========================================================================
Received Import Request.
  Time since last request: 401.727753 seconds.
  path: Assets/HFGE1181 lvl design.png
  artifactKey: Guid(798c19c797374b64d9e0e73786d44501) Importer(815301076,1909f56bfc062723c751e8b465ee728b)
Start importing Assets/HFGE1181 lvl design.png using Guid(798c19c797374b64d9e0e73786d44501) Importer(815301076,1909f56bfc062723c751e8b465ee728b) (PreviewImporter) -> (artifact id: '356520cb643566eb041821ec8625de20') in 0.1222838 seconds
Number of updated asset objects reloaded before import = 0Number of asset objects unloaded after import = 3

========================================================================
Received Import Request.
  Time since last request: 80.079916 seconds.
  path: Assets/HFGE1181-Top-Down-SA-2026-SemA--main/Visuals/Player/TopDown_ShotgunDash_01.png
  artifactKey: Guid(38aaf325c95ef9d42a501c3076222ef3) Importer(815301076,1909f56bfc062723c751e8b465ee728b)
Start importing Assets/HFGE1181-Top-Down-SA-2026-SemA--main/Visuals/Player/TopDown_ShotgunDash_01.png using Guid(38aaf325c95ef9d42a501c3076222ef3) Importer(815301076,1909f56bfc062723c751e8b465ee728b) (PreviewImporter) -> (artifact id: '5db39a929aadcfacd29ca5f8578e6bcd') in 0.07024 seconds
Number of updated asset objects reloaded before import = 0Number of asset objects unloaded after import = 3

========================================================================
Received Import Request.
  Time since last request: 0.000091 seconds.
  path: Assets/HFGE1181-Top-Down-SA-2026-SemA--main/Visuals/Player/TopDown_ShotgunIdle_01.png
  artifactKey: Guid(3f09e912514c2a24e8501d1d9502de2f) Importer(815301076,1909f56bfc062723c751e8b465ee728b)
Start importing Assets/HFGE1181-Top-Down-SA-2026-SemA--main/Visuals/Player/TopDown_ShotgunIdle_01.png using Guid(3f09e912514c2a24e8501d1d9502de2f) Importer(815301076,1909f56bfc062723c751e8b465ee728b) (PreviewImporter) -> (artifact id: '04ce76e2a18fcdcdae3bd284c0e6d499') in 0.0623846 seconds
Number of updated asset objects reloaded before import = 0Number of asset objects unloaded after import = 3

========================================================================
Received Import Request.
  Time since last request: 0.000082 seconds.
  path: Assets/HFGE1181-Top-Down-SA-2026-SemA--main/Visuals/Player/TopDown_ShotgunShoot_03.png
  artifactKey: Guid(29a7ccf63190f6040a82011ded603cb0) Importer(815301076,1909f56bfc062723c751e8b465ee728b)
Start importing Assets/HFGE1181-Top-Down-SA-2026-SemA--main/Visuals/Player/TopDown_ShotgunShoot_03.png using Guid(29a7ccf63190f6040a82011ded603cb0) Importer(815301076,1909f56bfc062723c751e8b465ee728b) (PreviewImporter) -> (artifact id: 'a154d5c3535cee8e3b6d1c3bf0371cb6') in 0.060903 seconds
Number of updated asset objects reloaded before import = 0Number of asset objects unloaded after import = 3

========================================================================
Received Import Request.
  Time since last request: 0.000045 seconds.
  path: Assets/HFGE1181-Top-Down-SA-2026-SemA--main/Visuals/Player/TopDown_ShotgunSprint_03.png
  artifactKey: Guid(b033db7e4efa0174bad4043a016f6f06) Importer(815301076,1909f56bfc062723c751e8b465ee728b)
Start importing Assets/HFGE1181-Top-Down-SA-2026-SemA--main/Visuals/Player/TopDown_ShotgunSprint_03.png using Guid(b033db7e4efa0174bad4043a016f6f06) Importer(815301076,1909f56bfc062723c751e8b465ee728b) (PreviewImporter) -> (artifact id: '37d0d206c72dd303dc45956372b43ad8') in 0.0778339 seconds
Number of updated asset objects reloaded before import = 0Number of asset objects unloaded after import = 3

========================================================================
Received Import Request.
  Time since last request: 0.000073 seconds.
  path: Assets/HFGE1181-Top-Down-SA-2026-SemA--main/Visuals/Player/TopDown_ShotgunShoot_04.png
  artifactKey: Guid(9cb15967347e0ec4eb88af391007ad06) Importer(815301076,1909f56bfc062723c751e8b465ee728b)
Start importing Assets/HFGE1181-Top-Down-SA-2026-SemA--main/Visuals/Player/TopDown_ShotgunShoot_04.png using Guid(9cb15967347e0ec4eb88af391007ad06) Importer(815301076,1909f56bfc062723c751e8b465ee728b) (PreviewImporter) -> (artifact id: 'e3e37a256f89e4b6b214b5913ea21c7d') in 0.0494913 seconds
Number of updated asset objects reloaded before import = 0Number of asset objects unloaded after import = 3

========================================================================
Received Import Request.
  Time since last request: 0.000053 seconds.
  path: Assets/HFGE1181-Top-Down-SA-2026-SemA--main/Visuals/Player/TopDown_SniperDash_02.png
  artifactKey: Guid(7d41ed69d0d709a4cb2fa56075f08936) Importer(815301076,1909f56bfc062723c751e8b465ee728b)
Start importing Assets/HFGE1181-Top-Down-SA-2026-SemA--main/Visuals/Player/TopDown_SniperDash_02.png using Guid(7d41ed69d0d709a4cb2fa56075f08936) Importer(815301076,1909f56bfc062723c751e8b465ee728b) (PreviewImporter) -> (artifact id: 'f185d8200f932883595639a4d2daf3cc') in 0.0715574 seconds
Number of updated asset objects reloaded before import = 0Number of asset objects unloaded after import = 3

========================================================================
Received Import Request.
  Time since last request: 0.000063 seconds.
  path: Assets/HFGE1181-Top-Down-SA-2026-SemA--main/Visuals/Player/TopDown_ShotgunSprint_01.png
  artifactKey: Guid(d2ac95b3a61281e4a86fa0c7a1c87347) Importer(815301076,1909f56bfc062723c751e8b465ee728b)
Start importing Assets/HFGE1181-Top-Down-SA-2026-SemA--main/Visuals/Player/TopDown_ShotgunSprint_01.png using Guid(d2ac95b3a61281e4a86fa0c7a1c87347) Importer(815301076,1909f56bfc062723c751e8b465ee728b) (PreviewImporter) -> (artifact id: '8b8c8ef4d2ad6ddb8f38069ffb2a164b') in 0.052689 seconds
Number of updated asset objects reloaded before import = 0Number of asset objects unloaded after import = 3

========================================================================
Received Import Request.
  Time since last request: 0.000052 seconds.
  path: Assets/HFGE1181-Top-Down-SA-2026-SemA--main/Visuals/Player/TopDown_SniperDash_03.png
  artifactKey: Guid(cbfe9fcc4e4f31644b91514b439003e0) Importer(815301076,1909f56bfc062723c751e8b465ee728b)
Start importing Assets/HFGE1181-Top-Down-SA-2026-SemA--main/Visuals/Player/TopDown_SniperDash_03.png using Guid(cbfe9fcc4e4f31644b91514b439003e0) Importer(815301076,1909f56bfc062723c751e8b465ee728b) (PreviewImporter) -> (artifact id: '9056f07b43e8f228a02a9168f32b9e00') in 0.0765177 seconds
Number of updated asset objects reloaded before import = 0Number of asset objects unloaded after import = 3

========================================================================
Received Import Request.
  Time since last request: 0.000079 seconds.
  path: Assets/HFGE1181-Top-Down-SA-2026-SemA--main/Visuals/Player/TopDown_SniperSprint_04.png
  artifactKey: Guid(cfb69f7caaef009469b83e348f8e656e) Importer(815301076,1909f56bfc062723c751e8b465ee728b)
Start importing Assets/HFGE1181-Top-Down-SA-2026-SemA--main/Visuals/Player/TopDown_SniperSprint_04.png using Guid(cfb69f7caaef009469b83e348f8e656e) Importer(815301076,1909f56bfc062723c751e8b465ee728b) (PreviewImporter) -> (artifact id: 'f4b4c6960811234f6c4912e72b44f381') in 0.0509729 seconds
Number of updated asset objects reloaded before import = 0Number of asset objects unloaded after import = 3

========================================================================
Received Import Request.
  Time since last request: 0.000045 seconds.
  path: Assets/HFGE1181-Top-Down-SA-2026-SemA--main/Visuals/Player/TopDown_SniperShoot_01.png
  artifactKey: Guid(e4a30adcdece6f74592e9c7515b56b89) Importer(815301076,1909f56bfc062723c751e8b465ee728b)
Start importing Assets/HFGE1181-Top-Down-SA-2026-SemA--main/Visuals/Player/TopDown_SniperShoot_01.png using Guid(e4a30adcdece6f74592e9c7515b56b89) Importer(815301076,1909f56bfc062723c751e8b465ee728b) (PreviewImporter) -> (artifact id: '4b0bab54493cb3cda18ac530729cb9e1') in 0.0371352 seconds
Number of updated asset objects reloaded before import = 0Number of asset objects unloaded after import = 3

========================================================================
Received Import Request.
  Time since last request: 0.000050 seconds.
  path: Assets/HFGE1181-Top-Down-SA-2026-SemA--main/Visuals/Player/TopDown_ShotgunShoot_01.png
  artifactKey: Guid(0faa272cfa2cbff44a8e9d9405fa67f5) Importer(815301076,1909f56bfc062723c751e8b465ee728b)
Start importing Assets/HFGE1181-Top-Down-SA-2026-SemA--main/Visuals/Player/TopDown_ShotgunShoot_01.png using Guid(0faa272cfa2cbff44a8e9d9405fa67f5) Importer(815301076,1909f56bfc062723c751e8b465ee728b) (PreviewImporter) -> (artifact id: '85f9d89e1b187929ef1e61e2a1da4776') in 0.0628775 seconds
Number of updated asset objects reloaded before import = 0Number of asset objects unloaded after import = 3

========================================================================
Received Import Request.
  Time since last request: 0.000053 seconds.
  path: Assets/HFGE1181-Top-Down-SA-2026-SemA--main/Visuals/Player/TopDown_SniperShoot_02.png
  artifactKey: Guid(905f50c7b8646dd4dbb37cc766d14201) Importer(815301076,1909f56bfc062723c751e8b465ee728b)
Start importing Assets/HFGE1181-Top-Down-SA-2026-SemA--main/Visuals/Player/TopDown_SniperShoot_02.png using Guid(905f50c7b8646dd4dbb37cc766d14201) Importer(815301076,1909f56bfc062723c751e8b465ee728b) (PreviewImporter) -> (artifact id: '307d8ea9aa15e8d665f6054a70fe2c15') in 0.0851796 seconds
Number of updated asset objects reloaded before import = 0Number of asset objects unloaded after import = 3

========================================================================
Received Import Request.
  Time since last request: 0.000060 seconds.
  path: Assets/HFGE1181-Top-Down-SA-2026-SemA--main/Visuals/Player/TopDown_ShotgunSprint_02.png
  artifactKey: Guid(a31b0799ad5594d4f86faebd8146c944) Importer(815301076,1909f56bfc062723c751e8b465ee728b)
Start importing Assets/HFGE1181-Top-Down-SA-2026-SemA--main/Visuals/Player/TopDown_ShotgunSprint_02.png using Guid(a31b0799ad5594d4f86faebd8146c944) Importer(815301076,1909f56bfc062723c751e8b465ee728b) (PreviewImporter) -> (artifact id: '90c84bf9d8cf8263c1f53bf3e3a5828c') in 0.0572384 seconds
Number of updated asset objects reloaded before import = 0Number of asset objects unloaded after import = 3

========================================================================
Received Import Request.
  Time since last request: 0.000062 seconds.
  path: Assets/HFGE1181-Top-Down-SA-2026-SemA--main/Visuals/Player/TopDown_ShotgunShoot_02.png
  artifactKey: Guid(883482f5e5b43ee4c8a50b4b03277683) Importer(815301076,1909f56bfc062723c751e8b465ee728b)
Start importing Assets/HFGE1181-Top-Down-SA-2026-SemA--main/Visuals/Player/TopDown_ShotgunShoot_02.png using Guid(883482f5e5b43ee4c8a50b4b03277683) Importer(815301076,1909f56bfc062723c751e8b465ee728b) (PreviewImporter) -> (artifact id: '9b1e155da37b3b0de570f517b6e7bc45') in 0.044898 seconds
Number of updated asset objects reloaded before import = 0Number of asset objects unloaded after import = 3

Editor requested this worker to shutdown with reason: Scaling down because of idle timeout
AssetImportWorker is now disconnected from the server
Process exiting
Exiting without the bug reporter. Application will terminate with return code 0